c:\users\wnddp\source\repos\dx11\directx11\x64\debug\inputclass.obj
c:\users\wnddp\source\repos\dx11\directx11\x64\debug\vc100.pdb
c:\users\wnddp\source\repos\dx11\directx11\x64\debug\vc143.pdb
c:\users\wnddp\source\repos\dx11\directx11\x64\debug\vc143.idb
c:\users\wnddp\source\repos\dx11\directx11\x64\debug\systemclass.obj
c:\users\wnddp\source\repos\dx11\directx11\x64\debug\main.obj
c:\users\wnddp\source\repos\dx11\directx11\x64\debug\d3dclass.obj
c:\users\wnddp\source\repos\dx11\directx11\x64\debug\chiliexception.obj
c:\users\wnddp\source\repos\dx11\directx11\x64\debug\applicationclass.obj
c:\users\wnddp\source\repos\dx11\x64\debug\directx11.exe
c:\users\wnddp\source\repos\dx11\directx11\x64\debug\directx11.ilk
c:\users\wnddp\source\repos\dx11\x64\debug\directx11.pdb
c:\users\wnddp\source\repos\dx11\directx11\x64\debug\directx11.res
c:\users\wnddp\source\repos\dx11\directx11\x64\debug\d3dclass.obj.enc
c:\users\wnddp\source\repos\dx11\directx11\x64\debug\cl.command.1.tlog
c:\users\wnddp\source\repos\dx11\directx11\x64\debug\cl.read.1.tlog
c:\users\wnddp\source\repos\dx11\directx11\x64\debug\cl.write.1.tlog
c:\users\wnddp\source\repos\dx11\directx11\x64\debug\vc100.idb
c:\users\wnddp\source\repos\dx11\directx11\x64\debug\directx11.tlog\cl.command.1.tlog
c:\users\wnddp\source\repos\dx11\directx11\x64\debug\directx11.tlog\cl.items.tlog
c:\users\wnddp\source\repos\dx11\directx11\x64\debug\directx11.tlog\cl.read.1.tlog
c:\users\wnddp\source\repos\dx11\directx11\x64\debug\directx11.tlog\cl.write.1.tlog
c:\users\wnddp\source\repos\dx11\directx11\x64\debug\directx11.tlog\link.command.1.tlog
c:\users\wnddp\source\repos\dx11\directx11\x64\debug\directx11.tlog\link.read.1.tlog
c:\users\wnddp\source\repos\dx11\directx11\x64\debug\directx11.tlog\link.write.1.tlog
c:\users\wnddp\source\repos\dx11\directx11\x64\debug\directx11.tlog\rc.command.1.tlog
c:\users\wnddp\source\repos\dx11\directx11\x64\debug\directx11.tlog\rc.read.1.tlog
c:\users\wnddp\source\repos\dx11\directx11\x64\debug\directx11.tlog\rc.write.1.tlog
